[04:55:35] [ServerMain/INFO]: Environment: Environment[sessionHost=https://sessionserver.mojang.com, servicesHost=https://api.minecraftservices.com, name=PROD]
[04:55:35] [ServerMain/WARN]: Missing data pack mod:humblingbundle
[04:55:35] [ServerMain/WARN]: Missing data pack mod:mixinextras
[04:55:35] [ServerMain/WARN]: Missing data pack mod:inventoryhud
[04:55:35] [ServerMain/WARN]: Missing data pack mod:fancymenu
[04:55:35] [ServerMain/WARN]: Missing data pack mod:continents
[04:55:35] [ServerMain/WARN]: Missing data pack mod:melody
[04:55:35] [ServerMain/WARN]: Missing data pack mod:forge
[04:55:35] [ServerMain/WARN]: Missing data pack mod:stackrefill
[04:55:35] [ServerMain/WARN]: Missing data pack mod:konkrete
[04:55:35] [ServerMain/WARN]: Missing data pack mod:collective
[04:55:35] [ServerMain/WARN]: Missing data pack mod:structory
[04:55:35] [ServerMain/WARN]: Missing data pack mod:gd_betterloot
[04:55:35] [ServerMain/WARN]: Missing data pack mod:fallingtree
[04:55:36] [ServerMain/INFO]: Loaded 1290 recipes
[04:55:37] [ServerMain/INFO]: Loaded 1399 advancements
[04:55:37] [Server thread/INFO]: Starting minecraft server version 1.21
[04:55:37] [Server thread/INFO]: Loading properties
[04:55:37] [Server thread/INFO]: Default game type: SURVIVAL
[04:55:37] [Server thread/INFO]: Generating keypair
[04:55:37] [Server thread/INFO]: Starting Minecraft server on *:25565
[04:55:37] [Server thread/INFO]: Using epoll channel type
[04:55:37] [Server thread/WARN]: **** SERVER IS RUNNING IN OFFLINE/INSECURE MODE!
[04:55:37] [Server thread/WARN]: The server will make no attempt to authenticate usernames. Beware.
[04:55:37] [Server thread/WARN]: While this makes the game possible to play without internet access, it also opens up the ability for hackers to connect with any username they choose.
[04:55:37] [Server thread/WARN]: To change this, set "online-mode" to "true" in the server.properties file.
[04:55:37] [Server thread/INFO]: Preparing level "world"
[04:55:40] [Server thread/INFO]: Preparing start region for dimension minecraft:overworld
[04:55:40] [Worker-Main-2/INFO]: Preparing spawn area: 0%
[04:55:40] [Server thread/INFO]: Time elapsed: 391 ms
[04:55:40] [Server thread/INFO]: Done (2.819s)! For help, type "help"
[04:56:22] [Server thread/INFO]: ZKing500[/127.130.211.190:40961] logged in with entity id 2 at (1434.4864657272194, 73.0, 956.6281334111095)
[04:56:22] [Server thread/INFO]: ZKing500 joined the game
[04:56:52] [Server thread/INFO]: ZKing500 lost connection: Disconnected
[04:56:52] [Server thread/INFO]: ZKing500 left the game
[04:59:17] [Server thread/INFO]: ZKing500[/127.130.211.190:39471] logged in with entity id 376 at (1463.8131291455238, 73.0, 955.9178043771959)
[04:59:17] [Server thread/INFO]: ZKing500 joined the game
[05:00:02] [Server thread/INFO]: ken1Kanekilpz[/127.82.120.245:51701] logged in with entity id 774 at (1456.8773050367167, 73.0, 953.608358265653)
[05:00:02] [Server thread/INFO]: ken1Kanekilpz joined the game
[05:00:50] [Server thread/INFO]: ZKing500 lost connection: Disconnected
[05:00:50] [Server thread/INFO]: ZKing500 left the game
[05:01:04] [Server thread/INFO]: ken1Kanekilpz lost connection: Disconnected
[05:01:04] [Server thread/INFO]: ken1Kanekilpz left the game
